<?xml version="1.0" encoding="UTF-8"?>
<!-- Generated by org.testng.reporters.JUnitReportReporter -->
<testsuite hostname="PMCLAP1253" name="GoogleLandingPageTest" tests="1" failures="0" timestamp="28 Sep 2020 11:04:37 GMT" time="17.298" errors="0">
  <testcase name="verifyTitle" time="17.298" classname="GoogleLandingPageTest"/>
</testsuite> <!-- GoogleLandingPageTest -->
