<?xml version="1.0" encoding="UTF-8"?>
<!-- Generated by org.testng.reporters.JUnitReportReporter -->
<testsuite hostname="PMCLAP1253" name="screenshotWebelement" tests="1" failures="0" timestamp="3 Mar 2020 12:03:55 GMT" time="10.598" errors="0">
  <testcase name="screenshotTest" time="10.598" classname="screenshotWebelement"/>
</testsuite> <!-- screenshotWebelement -->
