<?xml version="1.0" encoding="UTF-8"?>
<!-- Generated by org.testng.reporters.JUnitReportReporter -->
<testsuite hostname="PMCLAP1253" name="locationAndSize" tests="1" failures="0" timestamp="6 Mar 2020 10:02:03 GMT" time="11.938" errors="0">
  <testcase name="location" time="11.938" classname="locationAndSize"/>
</testsuite> <!-- locationAndSize -->
