<?xml version="1.0" encoding="UTF-8"?>
<!-- Generated by org.testng.reporters.JUnitReportReporter -->
<testsuite hostname="PMCLAP1253" name="GoogleLandingPageTest" tests="1" failures="0" timestamp="6 Mar 2020 10:04:17 GMT" time="0.247" errors="0">
  <testcase name="verifyTitle" time="0.247" classname="GoogleLandingPageTest"/>
</testsuite> <!-- GoogleLandingPageTest -->
