<?xml version="1.0" encoding="UTF-8"?>
<!-- Generated by org.testng.reporters.JUnitReportReporter -->
<testsuite hostname="PMCLAP1253" name="screenshotWebelement" tests="1" failures="0" timestamp="6 Mar 2020 10:02:03 GMT" time="13.226" errors="0">
  <testcase name="screenshotTest" time="13.226" classname="screenshotWebelement"/>
</testsuite> <!-- screenshotWebelement -->
