<?xml version="1.0" encoding="UTF-8"?>
<!-- Generated by org.testng.reporters.JUnitReportReporter -->
<testsuite hostname="PMCLAP1253" name="locationAndSize" tests="1" failures="0" timestamp="28 Sep 2020 11:04:37 GMT" time="10.456" errors="0">
  <testcase name="location" time="10.456" classname="locationAndSize"/>
</testsuite> <!-- locationAndSize -->
