<?xml version="1.0" encoding="UTF-8"?>
<!-- Generated by org.testng.reporters.JUnitReportReporter -->
<testsuite hostname="PMCLAP1253" name="GoogleLandingPageTest" tests="2" failures="0" timestamp="3 Mar 2020 12:03:55 GMT" time="0.006" errors="0">
  <testcase name="verifyTitle" time="0.001" classname="GoogleLandingPageTest"/>
  <testcase name="verifyTitle" time="0.005" classname="GoogleLandingPageTest"/>
</testsuite> <!-- GoogleLandingPageTest -->
