<?xml version="1.0" encoding="UTF-8"?>
<!-- Generated by org.testng.reporters.JUnitReportReporter -->
<testsuite hostname="PMCLAP1253" name="screenshotWebelement" tests="1" failures="0" timestamp="25 Sep 2020 04:16:23 GMT" time="10.764" errors="0">
  <testcase name="screenshotTest" time="10.764" classname="screenshotWebelement"/>
</testsuite> <!-- screenshotWebelement -->
