<?xml version="1.0" encoding="UTF-8"?>
<!-- Generated by org.testng.reporters.JUnitReportReporter -->
<testsuite hostname="DESKTOP-KUE2B0S" failures="0" tests="1" name="GoogleLandingPageTest" time="0.004" errors="0" timestamp="2020-02-25T20:47:47 IST" skipped="0">
  <testcase classname="GoogleLandingPageTest" name="verifyTitle" time="0.004"/>
</testsuite> <!-- GoogleLandingPageTest -->
