<?xml version="1.0" encoding="UTF-8"?>
<!-- Generated by org.testng.reporters.JUnitReportReporter -->
<testsuite hostname="PMCLAP1253" name="selenium4test" tests="1" failures="0" timestamp="3 Mar 2020 11:11:14 GMT" time="14.452" errors="0">
  <testcase name="openNewTab" time="14.452" classname="selenium4test"/>
</testsuite> <!-- selenium4test -->
